stdClass::__set_state(array(
   'ordnbr' => 'M49437',
   'ordtype' => 'OR',
   'status' => 'S',
   'slsperid' => 'RB',
   'shipvia' => 'O-TRUCK',
   'fob' => 'DELVD',
   'linecntr' => 2,
   'terms' => '07',
   'custordnbr' => '767647',
   'shipdate' => '2013-07-27',
   'sitetype' => 'MS',
   'custid' => 'TUNRNY',
   'ordtot' => '2719.00',
   'export' => 'N',
   'notes' => '',
   'shipaddr1' => '732-634-4001',
   'shipaddr2' => '90 RASKULINECZ ROAD',
   'shipcity' => 'CARTERET',
   'shiplastname' => 'TULNOY LUMBER',
   'shipfirstname' => '',
   'shipstate' => 'NJ',
   'shipzip' => '07008',
   'shipaddressid' => '',
   'openso' => 'Y',
   'emaillist' => 'rkelly@frtw.com,bcashin@frtw.com',
   'detail' => 
  array (
    0 => 
    stdClass::__set_state(array(
       'invtid' => 'APGDSSPF020308',
       'unitdesc' => 'EACH',
       'descr' => 'PYRO-GUARD STD SPF 2x3   8\' LBR',
       'cnvfact' => '256',
       'ordqty' => 400,
       'pcsship' => 0,
       'slsprice' => 672,
       'extprice' => 1075.2,
       'wood' => 440,
       'freight' => 40,
       'treat' => 242,
       'trtadj' => -50,
       'linenbr' => '1073545216',
       'whseloc' => 'STK',
       'lotsernbr' => '00',
       'sub' => 'MIL',
       'taxflag' => 'N',
       'prcchngcode' => 'Y',
       'misc' => '0.00',
       'siteid' => 'MIL',
       'lineid' => 1,
       'openline' => 'Y',
       'acct' => '2000',
       'custid' => 'TUNRNY',
    )),
    1 => 
    stdClass::__set_state(array(
       'invtid' => 'B40WRSH040823',
       'unitdesc' => 'BNDL',
       'descr' => '.40 CCA NDAT RSH 4x8 23/32 PLY',
       'cnvfact' => '48',
       'ordqty' => 2,
       'pcsship' => 0,
       'slsprice' => 535,
       'extprice' => 1643.52,
       'wood' => 622,
       'freight' => 53,
       'treat' => -110,
       'trtadj' => -30,
       'linenbr' => '1073610752',
       'whseloc' => 'STK',
       'lotsernbr' => '00',
       'sub' => 'MIL',
       'taxflag' => 'N',
       'prcchngcode' => 'Y',
       'misc' => '0.00',
       'siteid' => 'MIL',
       'lineid' => 2,
       'openline' => 'Y',
       'acct' => '2000',
       'custid' => 'TUNRNY',
    )),
  ),
))