stdClass::__set_state(array(
   'invtid' => '',
   'unitdesc' => '',
   'cnvfact' => 0,
   'lotsernbr' => '',
   'whseloc' => '',
   'ordqty' => 0,
   'qtyship' => 0,
   'slsprice' => 0,
   'extprice' => 0,
   'extpriceinvc' => 0,
   'cost' => 0,
   'acct' => '',
   'sub' => '',
   'taxflag' => NULL,
   'prcchngcode' => '',
   'descr' => 'TRUCK 9 OF 16',
   'ordtype' => 'BO',
   'user1' => 0,
   'user3' => 0,
   'cmmnpct' => 0,
   'user2' => '',
   'user4' => '',
   'siteid' => '',
   'linenbr' => 1000000,
   'bocntr' => 8,
   'ordnbr' => 'M62820',
   'lineid' => 99,
   'custid' => 'SCHOTX',
   'openline' => 'Y',
))